----------------------------------------------------------------------
Input Objective Function:                                             
----------------------------------------------------------------------
Variogram parameters:                                                 
----------------------------------------------------------------------
Model= Spherical
Observation number = 251
Max distance  = 250.0
Lag number = 10
Lag size = 12.5
Lag tolerance = 6.25
Sill = 0.00093
Nugget efect value = 0.0004
Range = 110
Trend slope = 0.0
Trend zero = 0.30313227118644065
Trend amplitude= 0
----------------------------------------------------------------------
Bivariate Distributions from DATA:                                    
----------------------------------------------------------------------
Marginal for Ip(data_grid) = Logistic(mu = 21644.3, beta = 1373.27)
Marginal for Phit(Var) = LogNormal(muLog = -1.49583, sigmaLog = 0.134007, gamma = 0.0770454)
Copula for marginals = FrankCopula(theta = -7.83752)
----------------------------------------------------------------------
Weights:                                                              
----------------------------------------------------------------------
Variogram weight = 1
Distribution weight = 0.001
----------------------------------------------------------------------
----------------------------------------------------------------------
Differential_evolution parameters:                                    
----------------------------------------------------------------------
Objective Function: Variogram and Bivariate Distribution Function     
Bounds for variables = (0.21, 0.4)
Strategy = best1bin
Maximum number of generations  = 5
Total population size = 35
Relative tolerance = 1e-10
Mutation constant = 0.5
Recombination constant = 0.3
Prints the evaluated func at every iteration. = False
Minimization halted value = 0.001
Type of population initialization = [[0.3235907  0.33883458 0.2878223  ... 0.30546301 0.32410934 0.31168666]
 [0.36004949 0.31375871 0.35918581 ... 0.29757    0.32763449 0.29567886]
 [0.31891883 0.36502941 0.32311148 ... 0.31564121 0.31278375 0.30234442]
 ...
 [0.27950192 0.36515529 0.31629337 ... 0.31246946 0.33045133 0.31199654]
 [0.31902957 0.38642762 0.34988004 ... 0.31076822 0.31327122 0.3043074 ]
 [0.29801409 0.33341469 0.32297303 ... 0.3036967  0.32491661 0.32382047]]
----------------------------------------------------------------------
Initial value of objective Initial
  fun O1: 0.38727481935970137
  fun O2: 0.6103797172727033
  fun: 0.9976545366324048
----------------------------------------------------------------------
Updating = deferred
Workers = 3
----------------------------------------------------------------------
----------------------------------------------------------------------
Differential_evolution result:                                        
----------------------------------------------------------------------
Objective functions
  fun O1: 0.6193256009778908
  fun O2: 0.09230729045841132
     fun: 0.7116328914363022
 message: 'Maximum number of iterations has been exceeded.'
    nfev: 210
     nit: 5
 success: False
Execution time: 2.0980496406555176 seconds
----------------------------------------------------------------------
Optimal solution 
 x= 
[0.3477959972833147, 0.2931856633581491, 0.3337141244958615, 0.3483947551518548, 0.30134951333712967, 0.3219928518974009, 0.3024348653816979, 0.28208894019246566, 0.33915457781095165, 0.39250616339555827, 0.31692043634776706, 0.33424514968856195, 0.3268729567822937, 0.30975555436618835, 0.3029517631585494, 0.3362809001620574, 0.30804780000158344, 0.29866759936491327, 0.3193946070290051, 0.3044417964305021, 0.32786816504340627, 0.31396216595914306, 0.30262360374155745, 0.33295470320961595, 0.3200583970259421, 0.36933432989374715, 0.30097300574426944, 0.33866992693757475, 0.33859049586282913, 0.36287071561282375, 0.3085755984534176, 0.2987530546160112, 0.30915646956136533, 0.2998660681011919, 0.33519546062419187, 0.3139864808612774, 0.3277768493115198, 0.3267161602188769, 0.3187884021717081, 0.3576600799244332, 0.30336626695127633, 0.33171418005357084, 0.3040810049783503, 0.34590283653091514, 0.33054500896799943, 0.3166325911263513, 0.35653495488124665, 0.32730556221025625, 0.3219287198172438, 0.3045429891550696, 0.2856537201206318, 0.32047602066819764, 0.31301379484613473, 0.29550988635477815, 0.282383263997554, 0.2969134288998027, 0.2955478505370355, 0.3411720597820792, 0.3285857358122932, 0.32764936918152593, 0.29253063430805304, 0.2824563507975826, 0.2650693662639174, 0.27728755766526625, 0.289823929198409, 0.2709752847916659, 0.2825679434625313, 0.28536132600852365, 0.2509597125769466, 0.30261010012175443, 0.29276761354821035, 0.2771197965556209, 0.28407717828010115, 0.2903320727408381, 0.3135737968341791, 0.2665599733988625, 0.2980123089918273, 0.3163936452199261, 0.2782714653730917, 0.2959413446376299, 0.3168290888427417, 0.2712425363033477, 0.27524635392839275, 0.2524098280074324, 0.2754626150711665, 0.2707736372270773, 0.2864314519654144, 0.2612667436718784, 0.2920823720536585, 0.2840758675949777, 0.2815774682725848, 0.287713080567077, 0.285944796001268, 0.2566585609241755, 0.28644872547457273, 0.2816754003707525, 0.2710500554183629, 0.3032690178376904, 0.2982094534082125, 0.2846715918860459, 0.304895809739007, 0.29861829541709844, 0.26923214605296947, 0.25637435523341956, 0.2868286403340178, 0.2659710354626972, 0.29503189517098166, 0.2809531020500205, 0.26300417223120787, 0.28376267966689595, 0.27773543749219237, 0.30201967406390723, 0.3117482076459549, 0.27585082297220254, 0.2975184225576234, 0.28502701392282664, 0.24050308955763328, 0.2752416137225995, 0.2591620523741833, 0.2929252829653855, 0.25095153623199323, 0.27007377501938895, 0.29295959006531014, 0.2732591572982425, 0.26327723574336026, 0.2758426750974343, 0.2717120471630754, 0.24524188525443025, 0.26025704119488263, 0.2962437741738565, 0.28245180949128923, 0.28468008924324806, 0.27956947370462537, 0.2675216150523851, 0.26496323414862233, 0.2658186675596247, 0.34553322497100486, 0.31764656995918455, 0.30183436620820886, 0.27180281109769483, 0.2994336667009037, 0.2960179764591195, 0.2838703939543976, 0.3087980837223895, 0.30375637979131315, 0.3298173691260079, 0.2449289405765352, 0.2765685186794871, 0.27720418355558135, 0.262581920444025, 0.30878949710607456, 0.2971753148853585, 0.28907221133016203, 0.2980203302250695, 0.30963374381934977, 0.23809623237769995, 0.2579881257797705, 0.2885503904116835, 0.24961493648734173, 0.2905086803598972, 0.3007393305161926, 0.3622495259031014, 0.34094007398278886, 0.33320178423033325, 0.3456749258966792, 0.33709061675089486, 0.33099882774357264, 0.3199300685332035, 0.3123307759886618, 0.3343906640782354, 0.3765384613908518, 0.3495981110203341, 0.31943026806529806, 0.321261900485795, 0.31115541137403985, 0.2696169766380818, 0.3068227730622123, 0.2877153352548834, 0.2927015429268478, 0.27989512235220737, 0.3467807382234688, 0.3075271263836848, 0.2960324281745757, 0.29924449716870494, 0.3202597531512182, 0.3477685426025926, 0.25265094732503623, 0.2808217365908683, 0.27953959714911464, 0.296021114182942, 0.2688232622526044, 0.29089150277752057, 0.35685011335802724, 0.35349891272900164, 0.36797181715419464, 0.32226442829763785, 0.3353667059890392, 0.35924446058773857, 0.35224452114602817, 0.4, 0.28636355572411676, 0.3030908834486498, 0.2925274045952264, 0.29045586980320093, 0.26945390579962103, 0.2593707586359607, 0.27359875758035096, 0.31920724492642016, 0.3077651435728012, 0.2826436016372556, 0.28986645042874365, 0.33533764797188, 0.3377187564552116, 0.35546231442444987, 0.2935329036311994, 0.28544283918333097, 0.3306822055529429, 0.30561367974174675, 0.3050317585122978, 0.33763130298768235, 0.2892836506372949, 0.3267776866836801, 0.3119328452077657, 0.3106834770626613, 0.3223073666379321, 0.30270487449298733, 0.28862381009243876, 0.31139065987507764, 0.34464713900933386, 0.36098710021885627, 0.313136351716637, 0.3122009991000295, 0.3080896132537325, 0.3087743159004793, 0.35980811345416996, 0.2568479082509883, 0.31126412042501134, 0.278325998732084, 0.31184787120435903, 0.2966190197139681, 0.29254608190661446, 0.23769754230237194, 0.3018674463668956, 0.32784757879312104, 0.2963278225759837, 0.28373448482615443, 0.3293540131557035, 0.30777872675486656, 0.3359427607229365, 0.313877783119025, 0.2840397391257812]
----------------------------------------------------------------------
----------------------------------------------------------------------
Descriptive Univariate Statistics:                                    
----------------------------------------------------------------------
Statistics for Ip 
                           0
N               2.510000e+02
Min             1.513734e+04
Max             3.077909e+04
Range           1.564175e+04
Mean            2.164427e+04
Median          2.180934e+04
Frist quartile  2.007036e+04
Third quartile  2.321648e+04
IR              3.146122e+03
Variance        6.179503e+06
Std             2.485861e+03
Symmetry        5.822571e-02
Kurtosis        9.716790e-01
----------------------------------------------------------------------
Statistics for Phit of reference 
                         0
N               295.000000
Min               0.214617
Max               0.399200
Range             0.184583
Mean              0.303132
Median            0.298500
Frist quartile    0.280540
Third quartile    0.323314
IR                0.042774
Variance          0.000932
Std               0.030535
Symmetry          0.478251
Kurtosis          0.340092
----------------------------------------------------------------------
Statistics for Phits
                         0
N               251.000000
Min               0.237698
Max               0.400000
Range             0.162302
Mean              0.302663
Median            0.299866
Frist quartile    0.282512
Third quartile    0.320869
IR                0.038357
Variance          0.000868
Std               0.029462
Symmetry          0.383039
Kurtosis          0.042056
----------------------------------------------------------------------
----------------------------------------------------------------------
Descriptive Bivariate Statistics:                                     
----------------------------------------------------------------------
Statistics for Ip_Phit of reference  
                       0          1
Covariance  5.067684e+06 -52.561727
           -5.256173e+01   0.000936
Pearson     1.000000e+00  -0.763350
           -7.633499e-01   1.000000
Spearman    1.000000e+00  -0.792594
           -7.925936e-01   1.000000
Kendall     1.000000e+00  -0.596522
           -5.965224e-01   1.000000
----------------------------------------------------------------------
Statistics for Ip_Phits
                       0          1
Covariance  6.204221e+06 -53.337706
           -5.333771e+01   0.000872
Pearson     1.000000e+00  -0.725364
           -7.253644e-01   1.000000
Spearman    1.000000e+00  -0.790957
           -7.909566e-01   1.000000
Kendall     1.000000e+00  -0.584064
           -5.840637e-01   1.000000
----------------------------------------------------------------------
----------------------------------------------------------------------
Bivariate Distributions from DATA:                                    
----------------------------------------------------------------------
Marginal for Ip(data_grid) = Logistic(mu = 21644.3, beta = 1373.27)
Marginal for Phit(Var) = LogNormal(muLog = -1.49583, sigmaLog = 0.134007, gamma = 0.0770454)
Copula for marginals = FrankCopula(theta = -7.83752)
----------------------------------------------------------------------
Simulate Bivariate Distributions information:                         
----------------------------------------------------------------------
Estimate marginal for Ip(data_grid) = Logistic(mu = 21644.3, beta = 1373.27)
Estimate marginal for Phit(Var) = LogNormal(muLog = -1.58422, sigmaLog = 0.141713, gamma = 0.0954856)
Estimate copula for marginals = FrankCopula(theta = -7.51885)
----------------------------------------------------------------------
