----------------------------------------------------------------------
Input Objective Function:                                             
----------------------------------------------------------------------
Variogram parameters:                                                 
----------------------------------------------------------------------
Model= Spherical
Observation number = 251
Max distance  = 250.0
Lag number = 10
Lag size = 12.5
Lag tolerance = 6.25
Sill = 0.00093
Nugget efect value = 0.0004
Range = 110
Trend slope = 0.0
Trend zero = 0.30313227118644065
Trend amplitude= 0
----------------------------------------------------------------------
Bivariate Distributions from DATA:                                    
----------------------------------------------------------------------
Marginal for Ip(data_grid) = Logistic(mu = 21644.3, beta = 1373.27)
Marginal for Phit(Var) = LogNormal(muLog = -1.49583, sigmaLog = 0.134007, gamma = 0.0770454)
Copula for marginals = FrankCopula(theta = -7.83752)
----------------------------------------------------------------------
Weights:                                                              
----------------------------------------------------------------------
Variogram weight = 1
Distribution weight = 0.001
----------------------------------------------------------------------
----------------------------------------------------------------------
Dual_Anneling parameters:                                             
----------------------------------------------------------------------
Objective Function: Variogram and Bivariate Distribution Function     
Bounds for variables = (0.21, 0.4)
Maximum number of global search iterations  = 5
Initial temperature = 16
Restart temperature ratio= 2e-05
Parameter for visiting distribution = 2.7
Parameter for acceptance distribution = -5
Number of objective function calls= 10000000.0
No local search = True
Minimization halted value = 0.001
x0 = [0.30953451 0.34999562 0.35922274 0.34115191 0.29516312 0.33279687
 0.32511165 0.25990009 0.32518701 0.30047767 0.32390616 0.34342173
 0.30423944 0.31696126 0.34478649 0.35920534 0.31498077 0.3112048
 0.34289388 0.2899635  0.30010342 0.31276695 0.32350366 0.36066403
 0.33536741 0.30768087 0.31606882 0.31996519 0.29212276 0.29554596
 0.3275454  0.36980818 0.37893651 0.34973155 0.31582281 0.37588574
 0.36402292 0.35294458 0.36195797 0.33602017 0.35401186 0.30678789
 0.33177162 0.31703763 0.33038969 0.34173435 0.3266543  0.33543559
 0.31009714 0.32964721 0.33918692 0.3221054  0.32820862 0.31443486
 0.33246652 0.305457   0.31049625 0.3612528  0.34607842 0.33666246
 0.29699402 0.26748388 0.29470096 0.28620276 0.27593399 0.29642725
 0.26624869 0.30453673 0.29597982 0.29304304 0.30786436 0.28627532
 0.26414936 0.28477479 0.28825456 0.29255489 0.27318851 0.31639811
 0.29203904 0.30816767 0.29031951 0.27582282 0.27274379 0.22165755
 0.29174564 0.3052354  0.30516355 0.27869933 0.2838468  0.257896
 0.27076524 0.28401662 0.28339949 0.29641681 0.28422942 0.27253948
 0.26857026 0.28471502 0.28078647 0.27134093 0.28635733 0.27363579
 0.28821651 0.2892683  0.29055204 0.29109072 0.27812686 0.25070326
 0.31342505 0.26811915 0.27596012 0.29365998 0.30776008 0.27862092
 0.26623258 0.27213762 0.26370606 0.2781363  0.32570809 0.2834833
 0.28662193 0.27130132 0.28313479 0.28578458 0.26646703 0.26997346
 0.26749877 0.25298695 0.29706084 0.27790647 0.2915645  0.26241371
 0.25744906 0.26610274 0.26789544 0.272391   0.34802638 0.32188092
 0.25733758 0.2761621  0.26872061 0.32788309 0.2863376  0.27860703
 0.29407838 0.26869825 0.26179861 0.26948945 0.2587347  0.26106608
 0.25448548 0.28876728 0.27769818 0.30514644 0.30605281 0.27654025
 0.26450783 0.28306498 0.2858675  0.26609953 0.30560037 0.31462118
 0.29649682 0.37439567 0.29950478 0.34473529 0.31570012 0.36161037
 0.32963177 0.37102042 0.34813812 0.35626494 0.31221051 0.30867696
 0.31015281 0.2759343  0.29466924 0.28879302 0.3033656  0.28669574
 0.31858292 0.28958595 0.28701246 0.30227771 0.3362757  0.29788689
 0.2647963  0.27059651 0.2887969  0.29426114 0.31270977 0.30871273
 0.34087355 0.34247679 0.36322772 0.32183832 0.35156663 0.32980206
 0.35330899 0.31218491 0.32059989 0.33736926 0.28882213 0.3059155
 0.29303702 0.27376666 0.25771257 0.33036885 0.35345877 0.3005486
 0.28275607 0.30662051 0.33699151 0.33925803 0.28921579 0.30367797
 0.29339111 0.32844324 0.32846919 0.31358306 0.3102325  0.28387403
 0.30374032 0.32770527 0.31904098 0.34407296 0.2952469  0.33949038
 0.34491658 0.35629731 0.29259932 0.29716764 0.29684723 0.30601483
 0.29185573 0.24868781 0.27617578 0.27231688 0.28067436 0.27661643
 0.24512607 0.25992136 0.31443304 0.29258745 0.29366632 0.27950965
 0.32186768 0.29809686 0.30352474 0.310365   0.31754583]
----------------------------------------------------------------------
Initial value of objective functions
  fun O1: 0.73162114005149
  fun O2: 0.2642801620514767
  fun: 0.9959013021029668
----------------------------------------------------------------------
----------------------------------------------------------------------
Dual_Anneling result:                                                 
----------------------------------------------------------------------
Objective functions
  fun O1: 0.1657069537070293
  fun O2: 0.16036151483128452
     fun: 0.32606846853831384
 message: ['Maximum number of iteration reached']
    nfev: 2511
    nhev: 0
     nit: 5
    njev: 0
  status: 0
 success: True
Execution time: 40.30206871032715 seconds
----------------------------------------------------------------------
Optimal solution 
 x= 
[0.24039355745895516, 0.3697958223623488, 0.35922273789644155, 0.3411519078344605, 0.354576750553431, 0.3327968682832243, 0.32511164875710125, 0.3212509985885178, 0.34493114717295587, 0.344569120481229, 0.3239061579938269, 0.31030192440157905, 0.30423943906599576, 0.3169612586613225, 0.3447864851132802, 0.3223011098389781, 0.3149807687569163, 0.31120479609036694, 0.3428938755079359, 0.3768513004822265, 0.3001034244608258, 0.3167451822462471, 0.32350366064477715, 0.35779707671564037, 0.2760610224205576, 0.320487577433339, 0.3160688170123999, 0.3199651945372935, 0.31745659959278305, 0.30007783043893616, 0.3275454048129572, 0.36898194751294555, 0.37048670638940345, 0.34973155487600305, 0.3158228077932198, 0.37588574111123013, 0.36402292030021305, 0.3529445821319274, 0.361957974548105, 0.3360201738230637, 0.35401185501738364, 0.30678789132054174, 0.3113225333888008, 0.3170376315536285, 0.33038969027752463, 0.3211245279578418, 0.3236495800647654, 0.318122069287252, 0.3109146218650207, 0.3255182548057519, 0.3391869190470553, 0.3036449703840754, 0.31284914681455994, 0.2804887399620371, 0.3221128089496051, 0.3054569987256557, 0.3104962537919545, 0.289983639169149, 0.3339882906277947, 0.33666245546650886, 0.29699401881527926, 0.2674838816260692, 0.2947009592303814, 0.28620275901695036, 0.29799701368093107, 0.2964272466643685, 0.2662486895530005, 0.3073249729530669, 0.26834421124118196, 0.2892961538402688, 0.28800357695022955, 0.28627532158990415, 0.2641493597562879, 0.2847747851330809, 0.288254559912403, 0.2925548933978806, 0.30928001560212, 0.3163981071549994, 0.2920390357063821, 0.3081676670236695, 0.2903195127367981, 0.27582282082614673, 0.27274379463091797, 0.22165754839276341, 0.29174564371029765, 0.3052354013444847, 0.30516355048572813, 0.2786993318932626, 0.2838468047309289, 0.25789600192097817, 0.2712490132188562, 0.28401661792952265, 0.2833994861278288, 0.29641681446095175, 0.28422942259442935, 0.2725394753808494, 0.2685702551266038, 0.2847150202722856, 0.28078646533413915, 0.2713409274028674, 0.28635733334765656, 0.2736357864344002, 0.274968475027598, 0.28926830156418015, 0.29055203816647535, 0.2910907214576643, 0.2805052693917853, 0.2965601775438303, 0.31342505171071317, 0.268119147183337, 0.27596011598383835, 0.3043429774865114, 0.30376791222061983, 0.27862091833164776, 0.26847154374082355, 0.27213761990590896, 0.26370606345326686, 0.27813630236069997, 0.3257080920750971, 0.2834833029069529, 0.28662192770304346, 0.2829760426871006, 0.2831347930388882, 0.2852978902338084, 0.26646703313670617, 0.27162211150464677, 0.26749876549374557, 0.252986946713749, 0.29706084305243113, 0.2731696311777476, 0.2915644956511164, 0.26241370591942115, 0.2574490615607785, 0.2584660059093774, 0.26789544102886975, 0.2694100257200319, 0.3274639857632464, 0.3176520811812518, 0.26738205304244234, 0.2761620995524609, 0.2762981979191447, 0.3250675310592537, 0.2863376024528828, 0.27860702816108573, 0.3084217856172007, 0.2661397705336328, 0.26179861162960955, 0.2694894538146195, 0.30960306687876193, 0.26106608445912427, 0.2897637234940149, 0.2884249805256675, 0.2776981828444479, 0.308069598297155, 0.30934279338732923, 0.28427015181486986, 0.2645078276192108, 0.28368276445518503, 0.2962347432968542, 0.2660995254443469, 0.30560036657459616, 0.3146211771973159, 0.29649681804467337, 0.3734534589248569, 0.2995047840140355, 0.29160488352665676, 0.31570012072751064, 0.3247846760994131, 0.31788535679769536, 0.3710204158892323, 0.3389295919018583, 0.31708906463906067, 0.3103543740133942, 0.3086769584997461, 0.3078264343278322, 0.2759343044406759, 0.2946692425456798, 0.2954983039924293, 0.30336559913751115, 0.28669573811216564, 0.3185829180349031, 0.2895859467256972, 0.28701246015878357, 0.3022777138193202, 0.32570225201163394, 0.2978868893735519, 0.26479629522415066, 0.2705965086259961, 0.28879690002731906, 0.26695337499715277, 0.3127097713528825, 0.30663695151495257, 0.34087354705696177, 0.34247679005072895, 0.36155329017070953, 0.32394201075474355, 0.35156662994164345, 0.32980205725319095, 0.3212252366478557, 0.3121849082656932, 0.319905900245059, 0.31014551751947705, 0.30092006428658696, 0.3059155048885396, 0.2930370239762918, 0.27376666488515994, 0.25771256981471763, 0.34565163937851867, 0.35345877144978677, 0.30054859786238414, 0.28275607193513985, 0.3066205135823737, 0.3369915134744189, 0.33595786098314895, 0.289215794110877, 0.30367797319848194, 0.293391109337852, 0.3269507767950292, 0.328469185003128, 0.3223985388859652, 0.3102325018599934, 0.283874029777306, 0.30949184909785526, 0.32770527017589957, 0.3190409803666711, 0.34407296463365045, 0.25960883427385906, 0.3394903828559034, 0.346404899654783, 0.34414743931799235, 0.29259932033408975, 0.2971676376090608, 0.2968472257166167, 0.30859031544502624, 0.2918557311436879, 0.24868781208638951, 0.2761757811579248, 0.2723168780405619, 0.28067436012857366, 0.282052992402495, 0.2451260706098881, 0.25992135869829935, 0.3144330448770346, 0.292587448642728, 0.2936663162349785, 0.2795096549496798, 0.3184326990195043, 0.2638238767315111, 0.33066086161134906, 0.31036499625700564, 0.33423408271573296]
----------------------------------------------------------------------
----------------------------------------------------------------------
Descriptive Univariate Statistics:                                    
----------------------------------------------------------------------
Statistics for Ip 
                           0
N               2.510000e+02
Min             1.513734e+04
Max             3.077909e+04
Range           1.564175e+04
Mean            2.164427e+04
Median          2.180934e+04
Frist quartile  2.007036e+04
Third quartile  2.321648e+04
IR              3.146122e+03
Variance        6.179503e+06
Std             2.485861e+03
Symmetry        5.822571e-02
Kurtosis        9.716790e-01
----------------------------------------------------------------------
Statistics for Phit of reference 
                         0
N               295.000000
Min               0.214617
Max               0.399200
Range             0.184583
Mean              0.303132
Median            0.298500
Frist quartile    0.280540
Third quartile    0.323314
IR                0.042774
Variance          0.000932
Std               0.030535
Symmetry          0.478251
Kurtosis          0.340092
----------------------------------------------------------------------
Statistics for Phits
                         0
N               251.000000
Min               0.221658
Max               0.376851
Range             0.155194
Mean              0.302500
Median            0.300103
Frist quartile    0.281420
Third quartile    0.320806
IR                0.039386
Variance          0.000832
Std               0.028848
Symmetry          0.347942
Kurtosis         -0.208264
----------------------------------------------------------------------
----------------------------------------------------------------------
Descriptive Bivariate Statistics:                                     
----------------------------------------------------------------------
Statistics for Ip_Phit of reference  
                       0          1
Covariance  5.067684e+06 -52.561727
           -5.256173e+01   0.000936
Pearson     1.000000e+00  -0.763350
           -7.633499e-01   1.000000
Spearman    1.000000e+00  -0.792594
           -7.925936e-01   1.000000
Kendall     1.000000e+00  -0.596522
           -5.965224e-01   1.000000
----------------------------------------------------------------------
Statistics for Ip_Phits
                       0          1
Covariance  6.204221e+06 -50.803204
           -5.080320e+01   0.000836
Pearson     1.000000e+00  -0.705616
           -7.056158e-01   1.000000
Spearman    1.000000e+00  -0.770913
           -7.709125e-01   1.000000
Kendall     1.000000e+00  -0.578008
           -5.780080e-01   1.000000
----------------------------------------------------------------------
----------------------------------------------------------------------
Bivariate Distributions from DATA:                                    
----------------------------------------------------------------------
Marginal for Ip(data_grid) = Logistic(mu = 21644.3, beta = 1373.27)
Marginal for Phit(Var) = LogNormal(muLog = -1.49583, sigmaLog = 0.134007, gamma = 0.0770454)
Copula for marginals = FrankCopula(theta = -7.83752)
----------------------------------------------------------------------
Simulate Bivariate Distributions information:                         
----------------------------------------------------------------------
Estimate marginal for Ip(data_grid) = Logistic(mu = 21644.3, beta = 1373.27)
Estimate marginal for Phit(Var) = LogNormal(muLog = -1.55197, sigmaLog = 0.134541, gamma = 0.0887447)
Estimate copula for marginals = FrankCopula(theta = -7.37003)
----------------------------------------------------------------------
