----------------------------------------------------------------------
Input Objective Function:                                             
----------------------------------------------------------------------
Variogram parameters:                                                 
----------------------------------------------------------------------
Model= Gaussian
Observation number = 128
Max distance  = 136.0
Lag number = 10
Lag size = 6.8
Lag tolerance = 3.4
Sill = 0.0035
Nugget efect value = 0.002
Range = 55
Trend slope = 0.0007311944941903619
Trend zero = -2.7930032623250423
Trend amplitude= 0.8
----------------------------------------------------------------------
Bivariate Distributions from DATA:                                    
----------------------------------------------------------------------
Marginal for Ip(data_grid) = Gumbel(beta = 2458.48, gamma = 28953.5)
Marginal for Phit(Var) = Gumbel(beta = 0.0489963, gamma = 0.156505)
Copula for marginals = FrankCopula(theta = -5.21511)
----------------------------------------------------------------------
Weights:                                                              
----------------------------------------------------------------------
Variogram weight = 1
Distribution weight = 0.001
----------------------------------------------------------------------
----------------------------------------------------------------------
Dual_Anneling parameters:                                             
----------------------------------------------------------------------
Objective Function: Variogram and Bivariate Distribution Function     
Bounds for variables = (0.05, 0.34)
Maximum number of global search iterations  = 5
Initial temperature = 16
Restart temperature ratio= 2e-05
Parameter for visiting distribution = 2.7
Parameter for acceptance distribution = -5
Number of objective function calls= 10000000.0
No local search = True
Minimization halted value = 0.001
x0 = [0.24094476 0.17649225 0.10173003 0.08506272 0.13211338 0.11956334
 0.16356417 0.13862292 0.28549717 0.08180218 0.1950082  0.26384257
 0.15840606 0.11213855 0.17591344 0.16734627 0.0889109  0.19412227
 0.20110979 0.15904732 0.1892408  0.1467367  0.1832122  0.22574394
 0.24095441 0.23017652 0.25293518 0.2481475  0.20051834 0.21052216
 0.21163983 0.11279321 0.10660952 0.21033354 0.10786901 0.21920681
 0.19313554 0.2054323  0.15245993 0.16470346 0.1319715  0.21973506
 0.17861438 0.16236228 0.17995498 0.14472214 0.17444665 0.13514813
 0.13977388 0.15308518 0.27073632 0.12014234 0.12684576 0.20385124
 0.27886963 0.10326248 0.19472121 0.12435011 0.27358693 0.19994636
 0.10163183 0.20238195 0.23002299 0.27851964 0.15136985 0.14826661
 0.12855331 0.19889481 0.3796381  0.1055747  0.101688   0.20013803
 0.16478566 0.11848444 0.10513136 0.21164054 0.16890626 0.2026928
 0.15539817 0.15746273 0.17867346 0.17212779 0.16534031 0.18918316
 0.20985445 0.38521007 0.15858035 0.30457991 0.1725859  0.14231503
 0.06978112 0.14474447 0.17105571 0.1354297  0.09124319 0.09411906
 0.24376161 0.27888411 0.14824088 0.30695921 0.15500499 0.13428594
 0.23120578 0.27256708 0.19834013 0.18311593 0.17946375 0.19974689
 0.1614976  0.18130569 0.23016771 0.09002039 0.1969011  0.08988688
 0.21470762 0.1173879  0.17495513 0.18706964 0.13467838 0.1443403
 0.1464555  0.15520964 0.1326396  0.40651295 0.18033193 0.21237978
 0.22580379 0.17070142]
----------------------------------------------------------------------
Initial value of objective functions
  fun O1: 1.6534695923049074
  fun O2: 0.04503092129924553
  fun: 1.6985005136041529
----------------------------------------------------------------------
----------------------------------------------------------------------
Dual_Anneling result:                                                 
----------------------------------------------------------------------
Objective functions
  fun O1: 0.021469254979598732
  fun O2: 0.005898095393849923
     fun: 0.027367350373448656
 message: ['Maximum number of iteration reached']
    nfev: 1281
    nhev: 0
     nit: 5
    njev: 0
  status: 0
 success: True
Execution time: 13.648516178131104 seconds
----------------------------------------------------------------------
Optimal solution 
 x= 
[0.19839316930280776, 0.17649225497119161, 0.14513215219089853, 0.14142582745603727, 0.11179071096960076, 0.11956334470421637, 0.13686390081000538, 0.13862292467681195, 0.1679492644815223, 0.08180218225161232, 0.059667902850901025, 0.20593374486827293, 0.1850494070687551, 0.11213855115046514, 0.1430681354483198, 0.11717817538309401, 0.16539950934815478, 0.1753377833433049, 0.2011097863611878, 0.14852286805479958, 0.18924079536030522, 0.2359701386423591, 0.1832121960809644, 0.1701350330841162, 0.2354716334702413, 0.16508803616800377, 0.1436303715306801, 0.24814750206763447, 0.1610502272076914, 0.18992886666025316, 0.20670965506402456, 0.11279320931825987, 0.1417430263213612, 0.1615198167317266, 0.14847831318452193, 0.15529285557354305, 0.193135543425279, 0.184886415207486, 0.13696684341950965, 0.16470345871669942, 0.09664928842911653, 0.15566853072215475, 0.17861438444946354, 0.16236227998124603, 0.16450685549316119, 0.1254255816183944, 0.17444664724984602, 0.1228908989794963, 0.1332638042944973, 0.15308518266743712, 0.17258174879793148, 0.13372756862053786, 0.17904698685873316, 0.1848005353233068, 0.13389451546555015, 0.1351349456877486, 0.1552491151524153, 0.10342046235439746, 0.20912113879130095, 0.19994635601237615, 0.09764208787501812, 0.10461483137715817, 0.23002298581574435, 0.14237183858568264, 0.15136984813210097, 0.12374663844545016, 0.1330876280821373, 0.10733774065755437, 0.22315349270528556, 0.06577169083370178, 0.10917419125889723, 0.20013802625690785, 0.2639108110947534, 0.1184844436117124, 0.07705886723030471, 0.21164053524359186, 0.13330691827357127, 0.14993454587153038, 0.15539816760356698, 0.1574627348357036, 0.19059985363307524, 0.12000364184780672, 0.1556579135301927, 0.17412400473724893, 0.209854446683409, 0.3852100734387173, 0.17937339993363483, 0.24427508338641085, 0.1944328868484863, 0.16032149384310806, 0.1605462961306074, 0.16069363466173064, 0.17105570804394218, 0.13542970369670046, 0.17220654449083844, 0.24111274955954282, 0.24376161097962432, 0.21909389360416076, 0.22501486198434079, 0.2880792690808153, 0.3182218762232722, 0.13428594017530787, 0.23120577620656424, 0.2665863933534462, 0.19834013004295578, 0.21810823212165803, 0.21862797235056702, 0.19974688593635004, 0.27075479471308234, 0.30062708230914764, 0.24602682441786444, 0.19131947153782763, 0.1969487425586564, 0.21747612030843316, 0.21508492857282396, 0.2393443453119632, 0.2274526017453093, 0.24817888533629973, 0.216087605615572, 0.2565982963870443, 0.33981604796806336, 0.3083229937579352, 0.3058079325871221, 0.4065129534955011, 0.23587528495824212, 0.28336321585664787, 0.278492496772243, 0.26238188119379496, 0.188080475, 0.17397158799999998, 0.320352144, 0.134844482, 0.208569169, 0.08894373499999998, 0.16826919099999998, 0.169258837, 0.250004472]
----------------------------------------------------------------------
----------------------------------------------------------------------
Descriptive Univariate Statistics:                                    
----------------------------------------------------------------------
Statistics for Ip 
                           0
N               1.370000e+02
Min             2.428949e+04
Max             4.665402e+04
Range           2.236453e+04
Mean            3.037255e+04
Median          2.993886e+04
Frist quartile  2.836342e+04
Third quartile  3.143091e+04
IR              3.067488e+03
Variance        9.869608e+06
Std             3.141593e+03
Symmetry        1.756236e+00
Kurtosis        5.830017e+00
----------------------------------------------------------------------
Statistics for Phit 
                         0
N               137.000000
Min               0.049478
Max               0.335142
Range             0.285664
Mean              0.184786
Median            0.173585
Frist quartile    0.139798
Third quartile    0.230432
IR                0.090634
Variance          0.003920
Std               0.062610
Symmetry          0.549447
Kurtosis         -0.435232
----------------------------------------------------------------------
Statistics for Phits
                         0
N               137.000000
Min               0.059668
Max               0.406513
Range             0.346845
Mean              0.184334
Median            0.174124
Frist quartile    0.141743
Third quartile    0.218108
IR                0.076365
Variance          0.003762
Std               0.061332
Symmetry          0.828152
Kurtosis          1.093449
----------------------------------------------------------------------
----------------------------------------------------------------------
Descriptive Bivariate Statistics:                                     
----------------------------------------------------------------------
Statistics for Phit_Ip 
                       0           1
Covariance  9.942178e+06 -126.778067
           -1.267781e+02    0.003949
Pearson     1.000000e+00   -0.639832
           -6.398315e-01    1.000000
Spearman    1.000000e+00   -0.635755
           -6.357552e-01    1.000000
Kendall     1.000000e+00   -0.469944
           -4.699442e-01    1.000000
----------------------------------------------------------------------
Statistics for Phits_Ip
                       0          1
Covariance  9.942178e+06 -95.865668
           -9.586567e+01   0.003789
Pearson     1.000000e+00  -0.493910
           -4.939100e-01   1.000000
Spearman    1.000000e+00  -0.623122
           -6.231215e-01   1.000000
Kendall     1.000000e+00  -0.444611
           -4.446114e-01   1.000000
----------------------------------------------------------------------
----------------------------------------------------------------------
Error Statistics:                                    
----------------------------------------------------------------------
                         0
N               137.000000
Min              -0.114734
Max               0.118481
Range             0.233215
Mean             -0.000452
Median           -0.001003
Frist quartile   -0.032693
Third quartile    0.028330
IR                0.061023
Variance          0.002340
Std               0.048377
Symmetry          0.293369
Kurtosis         -0.291487
----------------------------------------------------------------------
----------------------------------------------------------------------
Bivariate Distributions from DATA:                                    
----------------------------------------------------------------------
Marginal for Ip(data_grid) = Gumbel(beta = 2458.48, gamma = 28953.5)
Marginal for Phit(Var) = Gumbel(beta = 0.0489963, gamma = 0.156505)
Copula for marginals = FrankCopula(theta = -5.21511)
----------------------------------------------------------------------
Simulate Bivariate Distributions information:                         
----------------------------------------------------------------------
Estimate marginal for Ip(data_grid) = Gumbel(beta = 2458.48, gamma = 28953.5)
Estimate marginal for Phit(Var) = Gumbel(beta = 0.0479955, gamma = 0.15663)
Estimate copula for marginals = FrankCopula(theta = -4.81053)
----------------------------------------------------------------------
