----------------------------------------------------------------------
Input Objective Function:                                             
----------------------------------------------------------------------
Variogram parameters:                                                 
----------------------------------------------------------------------
Model= Gaussian
Observation number = 128
Max distance  = 136.0
Lag number = 10
Lag size = 6.8
Lag tolerance = 3.4
Sill = 0.0035
Nugget efect value = 0.002
Range = 55
Trend slope = 0.0007311944941903619
Trend zero = -2.7930032623250423
Trend amplitude= 0.8
----------------------------------------------------------------------
Bivariate Distributions from DATA:                                    
----------------------------------------------------------------------
Marginal for Ip(data_grid) = Gumbel(beta = 2458.48, gamma = 28953.5)
Marginal for Phit(Var) = Gumbel(beta = 0.0489963, gamma = 0.156505)
Copula for marginals = FrankCopula(theta = -5.21511)
----------------------------------------------------------------------
Weights:                                                              
----------------------------------------------------------------------
Variogram weight = 1
Distribution weight = 0.001
----------------------------------------------------------------------
----------------------------------------------------------------------
Differential_evolution parameters:                                    
----------------------------------------------------------------------
Objective Function: Variogram and Bivariate Distribution Function     
Bounds for variables = (0.05, 0.34)
Strategy = best1bin
Maximum number of generations  = 5
Total population size = 35
Relative tolerance = 1e-10
Mutation constant = 0.5
Recombination constant = 0.2
Prints the evaluated func at every iteration. = False
Minimization halted value = 0.001
Type of population initialization = [[0.29555353 0.15263438 0.19427031 ... 0.20331933 0.17199668 0.2745549 ]
 [0.31161681 0.22029391 0.19122529 ... 0.23894208 0.24948643 0.15938517]
 [0.17095662 0.19385216 0.15933665 ... 0.19513858 0.13593158 0.1826486 ]
 ...
 [0.13083785 0.1556716  0.14453163 ... 0.17278126 0.2487012  0.19230352]
 [0.30209008 0.14328668 0.22125992 ... 0.15951881 0.17124863 0.20686431]
 [0.21547839 0.13483461 0.14432413 ... 0.30400337 0.22530742 0.13870659]]
----------------------------------------------------------------------
Initial value of objective functions
  fun O1: 1.3424160772173566
  fun O2: 0.01080114450729083
  fun: 1.3532172217246474
----------------------------------------------------------------------
Updating = deferred
Workers = 3
----------------------------------------------------------------------
----------------------------------------------------------------------
Differential_evolution result:                                        
----------------------------------------------------------------------
Objective functions
  fun O1: 0.525749405119836
  fun O2: 0.06313822105708025
     fun: 0.5888876261769163
 message: 'Maximum number of iterations has been exceeded.'
    nfev: 210
     nit: 5
 success: False
Execution time: 1.5097954273223877 seconds
----------------------------------------------------------------------
Optimal solution 
 x= 
[0.206628243036134, 0.14430534684496232, 0.19601042285141285, 0.12107528714363298, 0.15738695323941757, 0.18715356061107902, 0.14547538489307035, 0.14742164504866406, 0.1838279686403273, 0.21260232651575833, 0.16471405984397314, 0.3008703322528157, 0.16990408254030678, 0.09842557885109877, 0.2236389327401279, 0.18452863149740473, 0.1837487224705104, 0.08353933462692749, 0.24049340482287368, 0.17320573899702513, 0.21601062372770705, 0.22635414878143711, 0.15259987339620068, 0.20767370089015927, 0.26608425974016076, 0.20696094885341754, 0.16567201239343085, 0.16417055547413775, 0.11987139570879261, 0.23973330877520338, 0.25209966727581656, 0.20145080635037735, 0.12023005211547483, 0.1576344027233988, 0.143022713018308, 0.18262001236061068, 0.22745689351338128, 0.17577005221019176, 0.16478440471542247, 0.0817021294653321, 0.06340048831071132, 0.17690194719125557, 0.18443934437206605, 0.13591325364755275, 0.1691129647090365, 0.12799195615828163, 0.1860929097847819, 0.14560584103572863, 0.11622136544900753, 0.13487515394906952, 0.19666940426320412, 0.10435591843048861, 0.15701705114454326, 0.18948792374707796, 0.11822018146168402, 0.1365687200734603, 0.2119115186341235, 0.17434570502587102, 0.17304300642588977, 0.1953465509943184, 0.16453493477478992, 0.10846329070129096, 0.20911210233953567, 0.12916539580382522, 0.18053843998989794, 0.13398469032244764, 0.13023712373127602, 0.13055475358347496, 0.11147429391701479, 0.16268743750059309, 0.14855050857968283, 0.14377625105623174, 0.14744919742532916, 0.16759342422185902, 0.21496114085717616, 0.18025966617364475, 0.13615294253871602, 0.14577263543991698, 0.14858914601075848, 0.13156554841454296, 0.2636704072189208, 0.1401363811977973, 0.11142650173368467, 0.1429384861554333, 0.22255520809084406, 0.32426110100840166, 0.1451579088158414, 0.18903128561963753, 0.18291443986604847, 0.13834286562047635, 0.11830431978924119, 0.1425406883949552, 0.2508562256138743, 0.19141740881038438, 0.11478822881358874, 0.13277853071309192, 0.3063983617818181, 0.17740298113078495, 0.21004472726943274, 0.234752639325766, 0.2224452489074291, 0.1569743786160781, 0.1907636163326406, 0.31356556198498986, 0.11654460900578503, 0.24797293682004806, 0.34, 0.34, 0.16245963825633897, 0.24020435349484284, 0.24574122078863467, 0.23556656776320697, 0.13664821914819417, 0.13852841761574625, 0.20852574698021548, 0.10314053394755582, 0.15779107354328303, 0.25461088384827435, 0.1975916891832795, 0.10073977648163462, 0.2669533084287261, 0.34, 0.15573448581941834, 0.2106128051862782, 0.15626125542979977, 0.14953330020868574, 0.3192168770380237, 0.24076173746555823, 0.188080475, 0.17397158799999998, 0.320352144, 0.134844482, 0.208569169, 0.08894373499999998, 0.16826919099999998, 0.169258837, 0.250004472]
----------------------------------------------------------------------
----------------------------------------------------------------------
Descriptive Univariate Statistics:                                    
----------------------------------------------------------------------
Statistics for Ip 
                           0
N               1.370000e+02
Min             2.428949e+04
Max             4.665402e+04
Range           2.236453e+04
Mean            3.037255e+04
Median          2.993886e+04
Frist quartile  2.836342e+04
Third quartile  3.143091e+04
IR              3.067488e+03
Variance        9.869608e+06
Std             3.141593e+03
Symmetry        1.756236e+00
Kurtosis        5.830017e+00
----------------------------------------------------------------------
Statistics for Phit 
                         0
N               137.000000
Min               0.049478
Max               0.335142
Range             0.285664
Mean              0.184786
Median            0.173585
Frist quartile    0.139798
Third quartile    0.230432
IR                0.090634
Variance          0.003920
Std               0.062610
Symmetry          0.549447
Kurtosis         -0.435232
----------------------------------------------------------------------
Statistics for Phits
                         0
N               137.000000
Min               0.063400
Max               0.340000
Range             0.276600
Mean              0.180370
Median            0.169904
Frist quartile    0.140136
Third quartile    0.210045
IR                0.069908
Variance          0.003273
Std               0.057207
Symmetry          0.823811
Kurtosis          0.542100
----------------------------------------------------------------------
----------------------------------------------------------------------
Descriptive Bivariate Statistics:                                     
----------------------------------------------------------------------
Statistics for Phit_Ip 
                       0           1
Covariance  9.942178e+06 -126.778067
           -1.267781e+02    0.003949
Pearson     1.000000e+00   -0.639832
           -6.398315e-01    1.000000
Spearman    1.000000e+00   -0.635755
           -6.357552e-01    1.000000
Kendall     1.000000e+00   -0.469944
           -4.699442e-01    1.000000
----------------------------------------------------------------------
Statistics for Phits_Ip
                       0          1
Covariance  9.942178e+06 -82.757751
           -8.275775e+01   0.003297
Pearson     1.000000e+00  -0.457116
           -4.571157e-01   1.000000
Spearman    1.000000e+00  -0.571497
           -5.714972e-01   1.000000
Kendall     1.000000e+00  -0.402276
           -4.022760e-01   1.000000
----------------------------------------------------------------------
----------------------------------------------------------------------
Error Statistics:                                    
----------------------------------------------------------------------
                         0
N               137.000000
Min              -0.163837
Max               0.147437
Range             0.311274
Mean             -0.004416
Median            0.000000
Frist quartile   -0.037902
Third quartile    0.028906
IR                0.066808
Variance          0.003653
Std               0.060439
Symmetry         -0.115679
Kurtosis          0.225279
----------------------------------------------------------------------
----------------------------------------------------------------------
Bivariate Distributions from DATA:                                    
----------------------------------------------------------------------
Marginal for Ip(data_grid) = Gumbel(beta = 2458.48, gamma = 28953.5)
Marginal for Phit(Var) = Gumbel(beta = 0.0489963, gamma = 0.156505)
Copula for marginals = FrankCopula(theta = -5.21511)
----------------------------------------------------------------------
Simulate Bivariate Distributions information:                         
----------------------------------------------------------------------
Estimate marginal for Ip(data_grid) = Gumbel(beta = 2458.48, gamma = 28953.5)
Estimate marginal for Phit(Var) = Gumbel(beta = 0.044768, gamma = 0.154529)
Estimate copula for marginals = FrankCopula(theta = -4.1925)
----------------------------------------------------------------------
